[0.330s] Invoking command in '/home/local/ros2_ws/src/mein_turtlebot_paket': PYTHONPATH=/home/local/ros2_ws/build/mein_turtlebot_paket/prefix_override:/usr/lib/python3/dist-packages/colcon_core/task/python/colcon_distutils_commands:/home/local/ros2_ws/install/mein_turtlebot_paket/lib/python3.10/site-packages:${PYTHONPATH} /usr/bin/python3 -W ignore:setup.py install is deprecated -W ignore:easy_install command is deprecated setup.py egg_info --egg-base ../../build/mein_turtlebot_paket build --build-base /home/local/ros2_ws/build/mein_turtlebot_paket/build install --record /home/local/ros2_ws/build/mein_turtlebot_paket/install.log --single-version-externally-managed install_data
[0.443s] running egg_info
[0.443s] creating ../../build/mein_turtlebot_paket/mein_turtlebot_paket.egg-info
[0.443s] writing ../../build/mein_turtlebot_paket/mein_turtlebot_paket.egg-info/PKG-INFO
[0.443s] writing dependency_links to ../../build/mein_turtlebot_paket/mein_turtlebot_paket.egg-info/dependency_links.txt
[0.443s] writing entry points to ../../build/mein_turtlebot_paket/mein_turtlebot_paket.egg-info/entry_points.txt
[0.443s] writing requirements to ../../build/mein_turtlebot_paket/mein_turtlebot_paket.egg-info/requires.txt
[0.444s] writing top-level names to ../../build/mein_turtlebot_paket/mein_turtlebot_paket.egg-info/top_level.txt
[0.444s] writing manifest file '../../build/mein_turtlebot_paket/mein_turtlebot_paket.egg-info/SOURCES.txt'
[0.444s] reading manifest file '../../build/mein_turtlebot_paket/mein_turtlebot_paket.egg-info/SOURCES.txt'
[0.444s] writing manifest file '../../build/mein_turtlebot_paket/mein_turtlebot_paket.egg-info/SOURCES.txt'
[0.444s] running build
[0.444s] running build_py
[0.445s] creating /home/local/ros2_ws/build/mein_turtlebot_paket/build
[0.445s] creating /home/local/ros2_ws/build/mein_turtlebot_paket/build/lib
[0.445s] creating /home/local/ros2_ws/build/mein_turtlebot_paket/build/lib/mein_turtlebot_paket
[0.445s] copying mein_turtlebot_paket/turtlebot_forward_node.py -> /home/local/ros2_ws/build/mein_turtlebot_paket/build/lib/mein_turtlebot_paket
[0.445s] copying mein_turtlebot_paket/__init__.py -> /home/local/ros2_ws/build/mein_turtlebot_paket/build/lib/mein_turtlebot_paket
[0.445s] running install
[0.445s] running install_lib
[0.445s] creating /home/local/ros2_ws/install/mein_turtlebot_paket/lib/python3.10/site-packages/mein_turtlebot_paket
[0.445s] copying /home/local/ros2_ws/build/mein_turtlebot_paket/build/lib/mein_turtlebot_paket/turtlebot_forward_node.py -> /home/local/ros2_ws/install/mein_turtlebot_paket/lib/python3.10/site-packages/mein_turtlebot_paket
[0.445s] copying /home/local/ros2_ws/build/mein_turtlebot_paket/build/lib/mein_turtlebot_paket/__init__.py -> /home/local/ros2_ws/install/mein_turtlebot_paket/lib/python3.10/site-packages/mein_turtlebot_paket
[0.445s] byte-compiling /home/local/ros2_ws/install/mein_turtlebot_paket/lib/python3.10/site-packages/mein_turtlebot_paket/turtlebot_forward_node.py to turtlebot_forward_node.cpython-310.pyc
[0.446s] byte-compiling /home/local/ros2_ws/install/mein_turtlebot_paket/lib/python3.10/site-packages/mein_turtlebot_paket/__init__.py to __init__.cpython-310.pyc
[0.446s] running install_data
[0.446s] creating /home/local/ros2_ws/install/mein_turtlebot_paket/share/ament_index
[0.446s] creating /home/local/ros2_ws/install/mein_turtlebot_paket/share/ament_index/resource_index
[0.446s] creating /home/local/ros2_ws/install/mein_turtlebot_paket/share/ament_index/resource_index/packages
[0.446s] copying resource/mein_turtlebot_paket -> /home/local/ros2_ws/install/mein_turtlebot_paket/share/ament_index/resource_index/packages
[0.446s] copying package.xml -> /home/local/ros2_ws/install/mein_turtlebot_paket/share/mein_turtlebot_paket
[0.446s] creating /home/local/ros2_ws/install/mein_turtlebot_paket/share/mein_turtlebot_paket/launch
[0.446s] copying launch/turtlebot_forward_launch.py -> /home/local/ros2_ws/install/mein_turtlebot_paket/share/mein_turtlebot_paket/launch
[0.446s] running install_egg_info
[0.447s] Copying ../../build/mein_turtlebot_paket/mein_turtlebot_paket.egg-info to /home/local/ros2_ws/install/mein_turtlebot_paket/lib/python3.10/site-packages/mein_turtlebot_paket-0.0.1-py3.10.egg-info
[0.447s] running install_scripts
[0.457s] Installing turtlebot_forward_node script to /home/local/ros2_ws/install/mein_turtlebot_paket/lib/mein_turtlebot_paket
[0.457s] writing list of installed files to '/home/local/ros2_ws/build/mein_turtlebot_paket/install.log'
[0.467s] Invoked command in '/home/local/ros2_ws/src/mein_turtlebot_paket' returned '0': PYTHONPATH=/home/local/ros2_ws/build/mein_turtlebot_paket/prefix_override:/usr/lib/python3/dist-packages/colcon_core/task/python/colcon_distutils_commands:/home/local/ros2_ws/install/mein_turtlebot_paket/lib/python3.10/site-packages:${PYTHONPATH} /usr/bin/python3 -W ignore:setup.py install is deprecated -W ignore:easy_install command is deprecated setup.py egg_info --egg-base ../../build/mein_turtlebot_paket build --build-base /home/local/ros2_ws/build/mein_turtlebot_paket/build install --record /home/local/ros2_ws/build/mein_turtlebot_paket/install.log --single-version-externally-managed install_data
