[0.310s] Invoking command in '/home/local/ros2_ws/src/mein_turtlebot_paket': PYTHONPATH=/home/local/ros2_ws/build/mein_turtlebot_paket/prefix_override:/usr/lib/python3/dist-packages/colcon_core/task/python/colcon_distutils_commands:/home/local/ros2_ws/install/mein_turtlebot_paket/lib/python3.10/site-packages:${PYTHONPATH} /usr/bin/python3 -W ignore:setup.py install is deprecated -W ignore:easy_install command is deprecated setup.py egg_info --egg-base ../../build/mein_turtlebot_paket build --build-base /home/local/ros2_ws/build/mein_turtlebot_paket/build install --record /home/local/ros2_ws/build/mein_turtlebot_paket/install.log --single-version-externally-managed install_data
[0.435s] running egg_info
[0.435s] writing ../../build/mein_turtlebot_paket/mein_turtlebot_paket.egg-info/PKG-INFO
[0.435s] writing dependency_links to ../../build/mein_turtlebot_paket/mein_turtlebot_paket.egg-info/dependency_links.txt
[0.435s] writing entry points to ../../build/mein_turtlebot_paket/mein_turtlebot_paket.egg-info/entry_points.txt
[0.435s] writing requirements to ../../build/mein_turtlebot_paket/mein_turtlebot_paket.egg-info/requires.txt
[0.435s] writing top-level names to ../../build/mein_turtlebot_paket/mein_turtlebot_paket.egg-info/top_level.txt
[0.435s] reading manifest file '../../build/mein_turtlebot_paket/mein_turtlebot_paket.egg-info/SOURCES.txt'
[0.436s] writing manifest file '../../build/mein_turtlebot_paket/mein_turtlebot_paket.egg-info/SOURCES.txt'
[0.436s] running build
[0.436s] running build_py
[0.436s] running install
[0.436s] running install_lib
[0.437s] running install_data
[0.437s] running install_egg_info
[0.438s] removing '/home/local/ros2_ws/install/mein_turtlebot_paket/lib/python3.10/site-packages/mein_turtlebot_paket-0.0.1-py3.10.egg-info' (and everything under it)
[0.438s] Copying ../../build/mein_turtlebot_paket/mein_turtlebot_paket.egg-info to /home/local/ros2_ws/install/mein_turtlebot_paket/lib/python3.10/site-packages/mein_turtlebot_paket-0.0.1-py3.10.egg-info
[0.438s] running install_scripts
[0.448s] Installing turtlebot_forward_node script to /home/local/ros2_ws/install/mein_turtlebot_paket/lib/mein_turtlebot_paket
[0.448s] writing list of installed files to '/home/local/ros2_ws/build/mein_turtlebot_paket/install.log'
[0.459s] Invoked command in '/home/local/ros2_ws/src/mein_turtlebot_paket' returned '0': PYTHONPATH=/home/local/ros2_ws/build/mein_turtlebot_paket/prefix_override:/usr/lib/python3/dist-packages/colcon_core/task/python/colcon_distutils_commands:/home/local/ros2_ws/install/mein_turtlebot_paket/lib/python3.10/site-packages:${PYTHONPATH} /usr/bin/python3 -W ignore:setup.py install is deprecated -W ignore:easy_install command is deprecated setup.py egg_info --egg-base ../../build/mein_turtlebot_paket build --build-base /home/local/ros2_ws/build/mein_turtlebot_paket/build install --record /home/local/ros2_ws/build/mein_turtlebot_paket/install.log --single-version-externally-managed install_data
